
183.198.25.31 | 2019-04-03 17:40:04
SQL: SELECT * FROM `aac_global` LIMIT 1
Error: Table 'yafcms.aac_global' doesn't exist
LINE__________FUNCTION__________FILE______________________________________
764________checkResult__________/home/kod/yafcms/application/library/core/Model.php
345________Execute______________/home/kod/yafcms/application/library/core/Model.php
366________Select_______________/home/kod/yafcms/application/library/core/Model.php
20_________SelectOne____________/home/kod/yafcms/application/model/M_Global.php
56_________getGlobal____________/home/kod/yafcms/application/modules/Admin/controllers/Login.php
___________checkLoginAction_____
19_________run__________________/home/kod/yafcms/public/index.php

183.198.25.31 | 2019-04-03 18:41:06
SQL: SELECT * FROM `aac_global` LIMIT 1
Error: Table 'yafcms.aac_global' doesn't exist
LINE__________FUNCTION__________FILE______________________________________
764________checkResult__________/home/kod/yafcms/application/library/core/Model.php
345________Execute______________/home/kod/yafcms/application/library/core/Model.php
366________Select_______________/home/kod/yafcms/application/library/core/Model.php
20_________SelectOne____________/home/kod/yafcms/application/model/M_Global.php
56_________getGlobal____________/home/kod/yafcms/application/modules/Admin/controllers/Login.php
___________checkLoginAction_____
19_________run__________________/home/kod/yafcms/public/index.php

183.198.25.31 | 2019-04-03 18:42:39
SQL: SELECT * FROM `aac_global` LIMIT 1
Error: Table 'yafcms.aac_global' doesn't exist
LINE__________FUNCTION__________FILE______________________________________
764________checkResult__________/home/kod/yafcms/application/library/core/Model.php
345________Execute______________/home/kod/yafcms/application/library/core/Model.php
366________Select_______________/home/kod/yafcms/application/library/core/Model.php
20_________SelectOne____________/home/kod/yafcms/application/model/M_Global.php
56_________getGlobal____________/home/kod/yafcms/application/modules/Admin/controllers/Login.php
___________checkLoginAction_____
19_________run__________________/home/kod/yafcms/public/index.php
